2016-10-30_12:24:04.893 [main] INFO  c.a.s.s.impl.BusinessServiceImpl [BusinessServiceImpl.java:36]- :=> ADARSH KUMAR
2016-10-30_12:24:04.904 [main] INFO  c.a.s.s.impl.BusinessServiceImpl [BusinessServiceImpl.java:36]- :=> AMIT KUMAR
2016-10-30_12:24:04.906 [main] INFO  c.a.s.s.impl.BusinessServiceImpl [BusinessServiceImpl.java:36]- :=> RADHA SINGH
2016-10-30_12:24:04.907 [main] INFO  c.a.s.s.impl.BusinessServiceImpl [BusinessServiceImpl.java:36]- :=> abishek kumar singh
2016-10-30_12:24:04.909 [main] INFO  c.a.s.s.impl.BusinessServiceImpl [BusinessServiceImpl.java:36]- :=> amritesh kumar singh
2016-10-30_12:24:04.911 [main] INFO  c.a.s.s.impl.BusinessServiceImpl [BusinessServiceImpl.java:36]- :=> ajay kumar singh
2016-10-30_12:28:31.566 [main] INFO  c.e.a.s.impl.BusinessServiceImpl [BusinessServiceImpl.java:67]- :=> ADARSH KUMAR
2016-10-30_12:28:31.577 [main] INFO  c.e.a.s.impl.BusinessServiceImpl [BusinessServiceImpl.java:67]- :=> AMIT KUMAR
2016-10-30_12:28:31.578 [main] INFO  c.e.a.s.impl.BusinessServiceImpl [BusinessServiceImpl.java:67]- :=> RADHA SINGH
2016-10-30_12:28:31.578 [main] INFO  c.e.a.s.impl.BusinessServiceImpl [BusinessServiceImpl.java:67]- :=> abishek kumar singh
2016-10-30_12:28:31.579 [main] INFO  c.e.a.s.impl.BusinessServiceImpl [BusinessServiceImpl.java:67]- :=> amritesh kumar singh
2016-10-30_12:28:31.579 [main] INFO  c.e.a.s.impl.BusinessServiceImpl [BusinessServiceImpl.java:67]- :=> ajay kumar singh
2016-10-30_12:28:39.812 [main] INFO  c.e.a.s.impl.BusinessServiceImpl [BusinessServiceImpl.java:67]- :=> ADARSH KUMAR
2016-10-30_12:28:39.818 [main] INFO  c.e.a.s.impl.BusinessServiceImpl [BusinessServiceImpl.java:67]- :=> AMIT KUMAR
2016-10-30_12:28:39.820 [main] INFO  c.e.a.s.impl.BusinessServiceImpl [BusinessServiceImpl.java:67]- :=> RADHA SINGH
2016-10-30_12:28:39.820 [main] INFO  c.e.a.s.impl.BusinessServiceImpl [BusinessServiceImpl.java:67]- :=> abishek kumar singh
2016-10-30_12:28:39.822 [main] INFO  c.e.a.s.impl.BusinessServiceImpl [BusinessServiceImpl.java:67]- :=> amritesh kumar singh
2016-10-30_12:28:39.822 [main] INFO  c.e.a.s.impl.BusinessServiceImpl [BusinessServiceImpl.java:67]- :=> ajay kumar singh
2016-10-30_12:54:01.995 [main] INFO  c.e.a.s.impl.BusinessServiceImpl [BusinessServiceImpl.java:67]- :=> ADARSH KUMAR
2016-10-30_12:54:02.000 [main] INFO  c.e.a.s.impl.BusinessServiceImpl [BusinessServiceImpl.java:67]- :=> AMIT KUMAR
2016-10-30_12:54:02.001 [main] INFO  c.e.a.s.impl.BusinessServiceImpl [BusinessServiceImpl.java:67]- :=> RADHA SINGH
2016-10-30_12:54:02.001 [main] INFO  c.e.a.s.impl.BusinessServiceImpl [BusinessServiceImpl.java:67]- :=> abishek kumar singh
2016-10-30_12:54:02.001 [main] INFO  c.e.a.s.impl.BusinessServiceImpl [BusinessServiceImpl.java:67]- :=> amritesh kumar singh
2016-10-30_12:54:02.001 [main] INFO  c.e.a.s.impl.BusinessServiceImpl [BusinessServiceImpl.java:67]- :=> ajay kumar singh
