2021-04-14_20:12:49.422 [main] INFO  o.s.t.c.s.DefaultTestContextBootstrapper [AbstractTestContextBootstrapper.java:248]- Loaded default TestExecutionListener class names from location [META-INF/spring.factories]: [org.springframework.test.context.web.ServletTestExecutionListener, org.springframework.test.context.support.DirtiesContextBeforeModesTestExecutionListener, org.springframework.test.context.support.DependencyInjectionTestExecutionListener, org.springframework.test.context.support.DirtiesContextTestExecutionListener, org.springframework.test.context.transaction.TransactionalTestExecutionListener, org.springframework.test.context.jdbc.SqlScriptsTestExecutionListener, org.springframework.test.context.event.EventPublishingTestExecutionListener]
2021-04-14_20:12:49.447 [main] INFO  o.s.t.c.s.DefaultTestContextBootstrapper [AbstractTestContextBootstrapper.java:177]- Using TestExecutionListeners: [org.springframework.test.context.support.DirtiesContextBeforeModesTestExecutionListener@3fc2959f, org.springframework.test.context.support.DependencyInjectionTestExecutionListener@5aa9e4eb, org.springframework.test.context.support.DirtiesContextTestExecutionListener@6989da5e, org.springframework.test.context.transaction.TransactionalTestExecutionListener@385c9627, org.springframework.test.context.jdbc.SqlScriptsTestExecutionListener@139982de, org.springframework.test.context.event.EventPublishingTestExecutionListener@682b2fa]
2021-04-14_20:12:49.838 [main] TRACE c.a.s.annotation.AnnotationProcessor [AnnotationProcessor.java:44]- postProcessBeforeInitialization() com.adarsh.spring.bean.MessageBean1  messageBean1
2021-04-14_20:12:49.840 [main] TRACE c.a.s.annotation.AnnotationProcessor [AnnotationProcessor.java:133]- postProcessAfterInitialization() com.adarsh.spring.bean.MessageBean1  messageBean1
2021-04-14_20:12:49.841 [main] TRACE c.a.s.annotation.AnnotationProcessor [AnnotationProcessor.java:44]- postProcessBeforeInitialization() com.adarsh.spring.bean.MessageBean2  messageBean2
2021-04-14_20:12:49.841 [main] TRACE c.a.s.annotation.AnnotationProcessor [AnnotationProcessor.java:133]- postProcessAfterInitialization() com.adarsh.spring.bean.MessageBean2  messageBean2
2021-04-14_20:12:49.842 [main] TRACE c.a.s.annotation.AnnotationProcessor [AnnotationProcessor.java:44]- postProcessBeforeInitialization() com.adarsh.spring.bean.MessageBean3  messageBean3
2021-04-14_20:12:49.842 [main] TRACE c.a.s.annotation.AnnotationProcessor [AnnotationProcessor.java:133]- postProcessAfterInitialization() com.adarsh.spring.bean.MessageBean3  messageBean3
2021-04-14_20:12:49.843 [main] TRACE c.a.s.annotation.AnnotationProcessor [AnnotationProcessor.java:44]- postProcessBeforeInitialization() com.adarsh.spring.bean.MessageBean4  messageBean4
2021-04-14_20:12:49.843 [main] TRACE c.a.s.annotation.AnnotationProcessor [AnnotationProcessor.java:133]- postProcessAfterInitialization() com.adarsh.spring.bean.MessageBean4  messageBean4
2021-04-14_20:12:49.844 [main] TRACE c.a.s.annotation.AnnotationProcessor [AnnotationProcessor.java:44]- postProcessBeforeInitialization() com.adarsh.spring.bean.MessageBean5  messageBean5
2021-04-14_20:12:49.845 [main] TRACE c.a.s.annotation.AnnotationProcessor [AnnotationProcessor.java:133]- postProcessAfterInitialization() com.adarsh.spring.bean.MessageBean5  messageBean5
2021-04-14_20:12:49.848 [main] TRACE c.a.s.annotation.AnnotationProcessor [AnnotationProcessor.java:44]- postProcessBeforeInitialization() com.adarsh.spring.service.MyServiceImplOne  myServiceImplOne
2021-04-14_20:12:49.851 [main] ERROR c.a.s.annotation.AnnotationProcessor [AnnotationProcessor.java:60]- Can not set static org.slf4j.Logger field com.adarsh.spring.service.MyServiceImplOne.logger to org.junit.platform.commons.logging.LoggerFactory$DelegatingLogger
2021-04-14_20:12:49.853 [main] ERROR c.a.s.annotation.AnnotationProcessor [AnnotationProcessor.java:87]- null
2021-04-14_20:12:49.853 [main] TRACE c.a.s.annotation.AnnotationProcessor [AnnotationProcessor.java:133]- postProcessAfterInitialization() com.adarsh.spring.service.MyServiceImplOne  myServiceImplOne
2021-04-14_20:12:49.855 [main] TRACE c.a.s.annotation.AnnotationProcessor [AnnotationProcessor.java:44]- postProcessBeforeInitialization() com.adarsh.spring.service.MyServiceImplTwo  myServiceImplTwo
2021-04-14_20:12:49.855 [main] ERROR c.a.s.annotation.AnnotationProcessor [AnnotationProcessor.java:60]- Can not set static org.slf4j.Logger field com.adarsh.spring.service.MyServiceImplTwo.logger to org.junit.platform.commons.logging.LoggerFactory$DelegatingLogger
2021-04-14_20:12:49.859 [main] ERROR c.a.s.annotation.AnnotationProcessor [AnnotationProcessor.java:87]- null
2021-04-14_20:12:49.860 [main] TRACE c.a.s.annotation.AnnotationProcessor [AnnotationProcessor.java:133]- postProcessAfterInitialization() com.adarsh.spring.service.MyServiceImplTwo  myServiceImplTwo
2021-04-14_20:12:49.876 [main] TRACE c.a.s.annotation.AnnotationProcessor [AnnotationProcessor.java:44]- postProcessBeforeInitialization() com.adarsh.spring.TestInjection  com.adarsh.spring.TestInjection.ORIGINAL
2021-04-14_20:12:49.877 [main] TRACE c.a.s.annotation.AnnotationProcessor [AnnotationProcessor.java:133]- postProcessAfterInitialization() com.adarsh.spring.TestInjection  com.adarsh.spring.TestInjection.ORIGINAL
2021-04-14_20:12:49.892 [main] INFO  com.adarsh.spring.TestInjection [TestInjection.java:55]- MyServiceImplOne constructor messageBean1 com.adarsh.spring.bean.MessageBean1@4c2bb6e0 Message Bean 1
2021-04-14_20:12:49.893 [main] INFO  com.adarsh.spring.TestInjection [TestInjection.java:60]- MyServiceImplTwo constructor  messageBean1 com.adarsh.spring.bean.MessageBean1@4c2bb6e0 Message Bean 1
2021-04-14_20:12:49.893 [main] INFO  com.adarsh.spring.TestInjection [TestInjection.java:60]- MyServiceImplTwo constructor  messageBean2 com.adarsh.spring.bean.MessageBean2@13df2a8c Message Bean 2
2021-04-14_20:12:49.893 [main] INFO  com.adarsh.spring.TestInjection [TestInjection.java:60]- MyServiceImplTwo constructor  messageBean3 com.adarsh.spring.bean.MessageBean3@1ebea008 Message Bean 3
2021-04-14_20:12:49.894 [main] INFO  com.adarsh.spring.TestInjection [TestInjection.java:60]- MyServiceImplTwo constructor  messageBean4 com.adarsh.spring.bean.MessageBean4@72d6b3ba Message Bean 4
2021-04-14_20:12:49.894 [main] INFO  com.adarsh.spring.TestInjection [TestInjection.java:60]- MyServiceImplTwo constructor  messageBean5 com.adarsh.spring.bean.MessageBean5@1787f2a0 Message Bean 5
