2016-09-23_11:09:50.498 [main] INFO  com.espark.adarsh.service.MessageService - Your Message : null
2016-09-23_11:11:35.698 [main] INFO  com.espark.adarsh.service.MessageService - Your Message : null
2016-09-23_11:12:09.465 [main] INFO  com.espark.adarsh.service.MessageService - Your Message : ${app.msg}
2016-09-23_11:15:48.658 [main] INFO  com.espark.adarsh.service.MessageService - Your Message : ${application.message}
2016-09-23_11:18:22.115 [main] INFO  com.espark.adarsh.service.MessageService - Your Message : hi this is adarsh kumar singh
2016-09-23_15:07:45.579 [main] INFO  com.espark.adarsh.service.MessageService - Your Message : hi this is adarsh kumar singh
2016-09-23_15:08:02.651 [main] INFO  com.espark.adarsh.service.MessageService - Your Message : hi this is adarsh kumar singh
2016-09-23_15:09:46.601 [main] INFO  com.espark.adarsh.service.MessageService - Your Message : hi this is adarsh kumar singh
2016-10-30_11:28:10.219 [main] INFO  com.espark.adarsh.ApplicationMain - Response from the service {}hi this is adarsh kumar singh adarsh kumar
2016-10-30_11:28:23.041 [main] INFO  c.e.a.spring.test.MessageServiceTest - init() of the MessageServiceTest
2016-10-30_11:28:23.049 [main] INFO  c.e.a.spring.test.MessageServiceTest - Response from the service {}hi this is adarsh kumar singh adarsh kumar
2016-10-30_11:28:23.050 [main] INFO  c.e.a.spring.test.MessageServiceTest - destroy() of the MessageServiceTest
2016-10-30_11:28:59.459 [main] INFO  c.e.a.spring.test.MessageServiceTest - init() of the MessageServiceTest
2016-10-30_11:28:59.466 [main] INFO  c.e.a.spring.test.MessageServiceTest - Response from the service {}Welcome to the Espark  adarsh kumar
2016-10-30_11:28:59.467 [main] INFO  c.e.a.spring.test.MessageServiceTest - destroy() of the MessageServiceTest
2016-10-30_11:29:46.114 [main] INFO  c.e.a.spring.test.MessageServiceTest - init() of the MessageServiceTest
2016-10-30_11:29:46.122 [main] INFO  c.e.a.spring.test.MessageServiceTest - Response from the service {}Welcome to the Espark adarsh kumar
2016-10-30_11:29:46.123 [main] INFO  c.e.a.spring.test.MessageServiceTest - destroy() of the MessageServiceTest
2016-10-30_11:29:57.341 [main] INFO  c.e.a.spring.test.MessageServiceTest - init() of the MessageServiceTest
2016-10-30_11:29:57.349 [main] INFO  c.e.a.spring.test.MessageServiceTest - Response from the service {} Welcome to the Espark adarsh kumar
2016-10-30_11:29:57.350 [main] INFO  c.e.a.spring.test.MessageServiceTest - destroy() of the MessageServiceTest
2016-10-30_11:31:23.921 [main] INFO  c.e.a.spring.test.MessageServiceTest - init() of the MessageServiceTest
2016-10-30_11:31:23.927 [main] INFO  c.e.a.spring.test.MessageServiceTest - Response from the service {} WELCOME TO THE ESPARK APPLICATION adarsh kumar
2016-10-30_11:31:23.928 [main] INFO  c.e.a.spring.test.MessageServiceTest - destroy() of the MessageServiceTest
